========================================================================
AMC DASHBOARD PIPELINE — RUN LOG
========================================================================
Pipeline Status : FAILED
Started         : 2026-06-15 12:02:07
Ended           : 2026-06-15 12:02:07
Total Runtime   : 00:00:00
Stages Executed : 1
Stages Passed   : 0
Stages Failed   : 1

========================================================================
STAGE 01 — AUM INGESTION
Status   : FAILED
Script   : 01-data-ingestion/aum/amfi_aum.py
Started  : 12:02:07
Ended    : 12:02:07
Duration : 00:00:00

── STDOUT ──
(no output)

── STDERR ──
C:\Users\Aditya\AppData\Local\Programs\Python\Python314\python.exe: can't open file 'C:\\Users\\Aditya\\Nextcloud\\internship\\coding\\job 2\\amc-dashboard\\07-automation\\01-data-ingestion\\aum\\amfi_aum.py': [Errno 2] No such file or directory

========================================================================
END OF LOG
========================================================================