========================================================================
AMC DASHBOARD PIPELINE — RUN LOG
========================================================================
Pipeline Status : KILLED
Started         : 2026-06-15 13:12:48
Ended           : 2026-06-15 13:12:58
Total Runtime   : 00:00:09
Stages Executed : 1
Stages Passed   : 0
Stages Failed   : 0

========================================================================
STAGE 01 — AUM INGESTION
Status   : KILLED
Script   : 01-data-ingestion/aum/amfi_aum.py
Started  : 13:12:48
Ended    : 13:12:58
Duration : 00:00:09

── STDOUT ──

══════════════════════════════════════════════════════════
  AMFI AUM Ingestion Pipeline
══════════════════════════════════════════════════════════

  [downloader] Opening https://www.amfiindia.com/aum-data/average-aum …
  [downloader] Applying filters …
  [downloader] Latest FY     : April 2025 - March 2026

── STDERR ──
(no output)

========================================================================
END OF LOG
========================================================================