========================================================================
AMC DASHBOARD PIPELINE — RUN LOG
========================================================================
Pipeline Status : FAILED
Started         : 2026-06-15 12:14:22
Ended           : 2026-06-15 12:14:22
Total Runtime   : 00:00:00
Stages Executed : 1
Stages Passed   : 0
Stages Failed   : 1

========================================================================
STAGE 01 — AUM INGESTION
Status   : FAILED
Script   : 01-data-ingestion/aum/amfi_aum.py
Started  : 12:14:22
Ended    : 12:14:22
Duration : 00:00:00

── STDOUT ──
(no output)

── STDERR ──
Traceback (most recent call last):
  File "C:\Users\Aditya\Nextcloud\internship\coding\job 2\amc-dashboard\01-data-ingestion\aum\amfi_aum.py", line 695, in <module>
    run()
    ~~~^^
  File "C:\Users\Aditya\Nextcloud\internship\coding\job 2\amc-dashboard\01-data-ingestion\aum\amfi_aum.py", line 625, in run
    print(f"\n{sep}")
    ~~~~~^^^^^^^^^^^^
  File "C:\Users\Aditya\AppData\Local\Programs\Python\Python314\Lib\encodings\cp1252.py", line 19, in encode
    return codecs.charmap_encode(input,self.errors,encoding_table)[0]
           ~~~~~~~~~~~~~~~~~~~~~^^^^^^^^^^^^^^^^^^^^^^^^^^^^^^^^^^
UnicodeEncodeError: 'charmap' codec can't encode characters in position 2-59: character maps to <undefined>

========================================================================
END OF LOG
========================================================================