========================================================================
AMC DASHBOARD PIPELINE — RUN LOG
========================================================================
Pipeline Status : FAILED
Started         : 2026-06-15 12:16:26
Ended           : 2026-06-15 12:16:50
Total Runtime   : 00:00:23
Stages Executed : 1
Stages Passed   : 0
Stages Failed   : 1

========================================================================
STAGE 01 — AUM INGESTION
Status   : FAILED
Script   : 01-data-ingestion/aum/amfi_aum.py
Started  : 12:16:26
Ended    : 12:16:50
Duration : 00:00:23

── STDOUT ──

══════════════════════════════════════════════════════════
  AMFI AUM Ingestion Pipeline
══════════════════════════════════════════════════════════

  [downloader] Opening https://www.amfiindia.com/aum-data/average-aum …
  [downloader] Applying filters …

── STDERR ──
Traceback (most recent call last):
  File "C:\Users\Aditya\Nextcloud\internship\coding\job 2\amc-dashboard\01-data-ingestion\aum\amfi_aum.py", line 695, in <module>
    run()
    ~~~^^
  File "C:\Users\Aditya\Nextcloud\internship\coding\job 2\amc-dashboard\01-data-ingestion\aum\amfi_aum.py", line 630, in run
    result = download_aum_excel()
  File "C:\Users\Aditya\Nextcloud\internship\coding\job 2\amc-dashboard\01-data-ingestion\aum\amfi_aum.py", line 261, in download_aum_excel
    _pick_latest_fy(page)
    ~~~~~~~~~~~~~~~^^^^^^
  File "C:\Users\Aditya\Nextcloud\internship\coding\job 2\amc-dashboard\01-data-ingestion\aum\amfi_aum.py", line 222, in _pick_latest_fy
    first_option.wait_for(timeout=15_000)
    ~~~~~~~~~~~~~~~~~~~~~^^^^^^^^^^^^^^^^
  File "C:\Users\Aditya\AppData\Local\Programs\Python\Python314\Lib\site-packages\playwright\sync_api\_generated.py", line 20048, in wait_for
    self._sync(
    ~~~~~~~~~~^
        self._impl_obj.wait_for(timeout=to_milliseconds(timeout), state=state)
        ^^^^^^^^^^^^^^^^^^^^^^^^^^^^^^^^^^^^^^^^^^^^^^^^^^^^^^^^^^^^^^^^^^^^^^
    )
    ^
  File "C:\Users\Aditya\AppData\Local\Programs\Python\Python314\Lib\site-packages\playwright\_impl\_sync_base.py", line 115, in _sync
    return task.result()
           ~~~~~~~~~~~^^
  File "C:\Users\Aditya\AppData\Local\Programs\Python\Python314\Lib\site-packages\playwright\_impl\_locator.py", line 741, in wait_for
    await self._frame.wait_for_selector(
        self._selector, strict=True, timeout=timeout, state=state
    )
  File "C:\Users\Aditya\AppData\Local\Programs\Python\Python314\Lib\site-packages\playwright\_impl\_frame.py", line 372, in wait_for_selector
    await self._channel.send(
        "waitForSelector", self._timeout, locals_to_params(locals())
    )
  File "C:\Users\Aditya\AppData\Local\Programs\Python\Python314\Lib\site-packages\playwright\_impl\_connection.py", line 69, in send
    return await self._connection.wrap_api_call(
           ^^^^^^^^^^^^^^^^^^^^^^^^^^^^^^^^^^^^^
    ...<3 lines>...
    )
    ^
  File "C:\Users\Aditya\AppData\Local\Programs\Python\Python314\Lib\site-packages\playwright\_impl\_connection.py", line 559, in wrap_api_call
    raise rewrite_error(error, f"{parsed_st['apiName']}: {error}") from None
playwright._impl._errors.TimeoutError: Locator.wait_for: Timeout 15000ms exceeded.
Call log:
  - waiting for locator("[role=\"option\"]").first to be visible


========================================================================
END OF LOG
========================================================================